Arguments: 
  D:\solfware\nodejs\node.exe D:\solfware\yarn\bin\yarn.js init

PATH: 
  D:\solfware\cmder\vendor\git-for-windows\mingw64\bin;D:\solfware\cmder\vendor\git-for-windows\usr\bin;C:\Users\Lee\bin;C:\Windows\system32;C:\Windows;C:\Windows\System32\Wbem;C:\Windows\System32\WindowsPowerShell\v1.0;C:\Windows\System32\OpenSSH;C:\Program Files (x86)\NVIDIA Corporation\PhysX\Common;C:\Program Files\NVIDIA Corporation\NVIDIA NvDLISR;C:\WINDOWS\system32;C:\WINDOWS;C:\WINDOWS\System32\Wbem;C:\WINDOWS\System32\WindowsPowerShell\v1.0;C:\WINDOWS\System32\OpenSSH;D:\solfware\nodejs;D:\solfware\yarn\bin;C:\Users\Lee\AppData\Local\Microsoft\WindowsApps;C:\Users\Lee\AppData\Local\Programs\Microsoft VS Code\bin;C:\Users\Lee\AppData\Roaming\npm;C:\Users\Lee\AppData\Local\Yarn\bin

Yarn version: 
  1.22.5

Node version: 
  10.22.1

Platform: 
  win32 x64

Trace: 
  Error: canceled
      at Interface.<anonymous> (D:\solfware\yarn\lib\cli.js:137009:13)
      at Interface.emit (events.js:198:13)
      at Interface._ttyWrite (readline.js:801:16)
      at ReadStream.onkeypress (readline.js:184:10)
      at ReadStream.emit (events.js:198:13)
      at emitKeys (internal/readline.js:424:14)
      at emitKeys.next (<anonymous>)
      at ReadStream.onData (readline.js:1073:36)
      at ReadStream.emit (events.js:198:13)
      at addChunk (_stream_readable.js:288:12)

npm manifest: 
  {
    "name": "webpack-demo-1",
    "version": "1.0.0",
    "description": "",
    "main": "index.js",
    "scripts": {
      "start": "webpack-dev-server",
      "build": "rm -rf dist && webpack --config webpack.config.prod.js",
      "test": "echo \"Error: no test specified\" && exit 1"
    },
    "keywords": [],
    "author": "",
    "license": "ISC",
    "devDependencies": {
      "@webpack-cli/serve": "^1.4.0",
      "css-loader": "^5.2.4",
      "dart-sass": "^1.25.0",
      "file-loader": "^5.0.2",
      "html-webpack-plugin": "^3.2.0",
      "less": "^3.10.3",
      "less-loader": "^5.0.0",
      "mini-css-extract-plugin": "^1.6.0",
      "sass": "^1.32.13",
      "sass-loader": "^11.1.1",
      "style-loader": "^1.0.1",
      "stylus": "^0.54.7",
      "stylus-loader": "^3.0.2",
      "webpack": "^5.37.1",
      "webpack-cli": "^3.3.10",
      "webpack-dev-server": "^3.11.2"
    }
  }

yarn manifest: 
  No manifest

Lockfile: 
  No lockfile
